0 info it worked if it ends with ok
1 verbose cli [ 'c:\\Program Files\\nodejs\\node.exe',
1 verbose cli   'c:\\Program Files\\nodejs\\node_modules\\npm\\bin\\npm-cli.js',
1 verbose cli   'run',
1 verbose cli   'runit' ]
2 info using npm@2.5.1
3 info using node@v0.12.1
4 verbose run-script [ 'prerunit', 'runit', 'postrunit' ]
5 info prerunit ContactManager@1.0.0
6 info runit ContactManager@1.0.0
7 verbose unsafe-perm in lifecycle true
8 info ContactManager@1.0.0 Failed to exec runit script
9 verbose stack Error: ContactManager@1.0.0 runit: `webpack-dev-server --inline --no-info --content-base public --port 3500 &&& node server`
9 verbose stack Exit status 1
9 verbose stack     at EventEmitter.<anonymous> (c:\Program Files\nodejs\node_modules\npm\lib\utils\lifecycle.js:213:16)
9 verbose stack     at EventEmitter.emit (events.js:110:17)
9 verbose stack     at ChildProcess.<anonymous> (c:\Program Files\nodejs\node_modules\npm\lib\utils\spawn.js:14:12)
9 verbose stack     at ChildProcess.emit (events.js:110:17)
9 verbose stack     at maybeClose (child_process.js:1008:16)
9 verbose stack     at Process.ChildProcess._handle.onexit (child_process.js:1080:5)
10 verbose pkgid ContactManager@1.0.0
11 verbose cwd e:\POC\ContactManager
12 error Windows_NT 6.1.7601
13 error argv "c:\\Program Files\\nodejs\\node.exe" "c:\\Program Files\\nodejs\\node_modules\\npm\\bin\\npm-cli.js" "run" "runit"
14 error node v0.12.1
15 error npm  v2.5.1
16 error code ELIFECYCLE
17 error ContactManager@1.0.0 runit: `webpack-dev-server --inline --no-info --content-base public --port 3500 &&& node server`
17 error Exit status 1
18 error Failed at the ContactManager@1.0.0 runit script 'webpack-dev-server --inline --no-info --content-base public --port 3500 &&& node server'.
18 error This is most likely a problem with the ContactManager package,
18 error not with npm itself.
18 error Tell the author that this fails on your system:
18 error     webpack-dev-server --inline --no-info --content-base public --port 3500 &&& node server
18 error You can get their info via:
18 error     npm owner ls ContactManager
18 error There is likely additional logging output above.
19 verbose exit [ 1, true ]
